[2026-02-22T14:18:58.480+0000] {local_task_job_runner.py:123} INFO - ::group::Pre task execution logs
[2026-02-22T14:18:58.493+0000] {taskinstance.py:2613} INFO - Dependencies all met for dep_context=non-requeueable deps ti=<TaskInstance: elasticsearch_indexer.index_csv_data manual__2026-02-22T14:18:54.078389+00:00 [queued]>
[2026-02-22T14:18:58.498+0000] {taskinstance.py:2613} INFO - Dependencies all met for dep_context=requeueable deps ti=<TaskInstance: elasticsearch_indexer.index_csv_data manual__2026-02-22T14:18:54.078389+00:00 [queued]>
[2026-02-22T14:18:58.499+0000] {taskinstance.py:2866} INFO - Starting attempt 1 of 3
[2026-02-22T14:18:58.508+0000] {taskinstance.py:2889} INFO - Executing <Task(PythonOperator): index_csv_data> on 2026-02-22 14:18:54.078389+00:00
[2026-02-22T14:18:58.514+0000] {warnings.py:112} WARNING - /home/***/.local/lib/python3.12/site-packages/***/task/task_runner/standard_task_runner.py:70: DeprecationWarning: This process (pid=998) is multi-threaded, use of fork() may lead to deadlocks in the child.
  pid = os.fork()

[2026-02-22T14:18:58.515+0000] {standard_task_runner.py:72} INFO - Started process 999 to run task
[2026-02-22T14:18:58.516+0000] {standard_task_runner.py:104} INFO - Running: ['***', 'tasks', 'run', 'elasticsearch_indexer', 'index_csv_data', 'manual__2026-02-22T14:18:54.078389+00:00', '--job-id', '13', '--raw', '--subdir', 'DAGS_FOLDER/elasticsearch_indexer.py', '--cfg-path', '/tmp/tmpqvjr8tzh']
[2026-02-22T14:18:58.517+0000] {standard_task_runner.py:105} INFO - Job 13: Subtask index_csv_data
[2026-02-22T14:18:58.545+0000] {task_command.py:467} INFO - Running <TaskInstance: elasticsearch_indexer.index_csv_data manual__2026-02-22T14:18:54.078389+00:00 [running]> on host 1ae2f65e4fd0
[2026-02-22T14:18:58.595+0000] {taskinstance.py:3132} INFO - Exporting env vars: AIRFLOW_CTX_DAG_OWNER='data-team' AIRFLOW_CTX_DAG_ID='elasticsearch_indexer' AIRFLOW_CTX_TASK_ID='index_csv_data' AIRFLOW_CTX_EXECUTION_DATE='2026-02-22T14:18:54.078389+00:00' AIRFLOW_CTX_TRY_NUMBER='1' AIRFLOW_CTX_DAG_RUN_ID='manual__2026-02-22T14:18:54.078389+00:00'
[2026-02-22T14:18:58.596+0000] {taskinstance.py:731} INFO - ::endgroup::
[2026-02-22T14:18:58.716+0000] {_transport.py:349} INFO - PUT http://elasticsearch:9200/_bulk [status:200 duration:0.095s]
[2026-02-22T14:18:58.811+0000] {_transport.py:349} INFO - PUT http://elasticsearch:9200/_bulk [status:200 duration:0.080s]
[2026-02-22T14:18:59.412+0000] {_transport.py:349} INFO - PUT http://elasticsearch:9200/_bulk [status:200 duration:0.058s]
[2026-02-22T14:18:59.482+0000] {_transport.py:349} INFO - PUT http://elasticsearch:9200/_bulk [status:200 duration:0.055s]
[2026-02-22T14:18:59.551+0000] {_transport.py:349} INFO - PUT http://elasticsearch:9200/_bulk [status:200 duration:0.054s]
[2026-02-22T14:18:59.616+0000] {_transport.py:349} INFO - PUT http://elasticsearch:9200/_bulk [status:200 duration:0.050s]
[2026-02-22T14:18:59.674+0000] {_transport.py:349} INFO - PUT http://elasticsearch:9200/_bulk [status:200 duration:0.043s]
[2026-02-22T14:18:59.735+0000] {_transport.py:349} INFO - PUT http://elasticsearch:9200/_bulk [status:200 duration:0.045s]
[2026-02-22T14:18:59.799+0000] {_transport.py:349} INFO - PUT http://elasticsearch:9200/_bulk [status:200 duration:0.048s]
[2026-02-22T14:18:59.864+0000] {_transport.py:349} INFO - PUT http://elasticsearch:9200/_bulk [status:200 duration:0.049s]
[2026-02-22T14:18:59.926+0000] {_transport.py:349} INFO - PUT http://elasticsearch:9200/_bulk [status:200 duration:0.047s]
[2026-02-22T14:18:59.989+0000] {_transport.py:349} INFO - PUT http://elasticsearch:9200/_bulk [status:200 duration:0.047s]
[2026-02-22T14:19:00.048+0000] {_transport.py:349} INFO - PUT http://elasticsearch:9200/_bulk [status:200 duration:0.044s]
[2026-02-22T14:19:00.110+0000] {_transport.py:349} INFO - PUT http://elasticsearch:9200/_bulk [status:200 duration:0.046s]
[2026-02-22T14:19:00.167+0000] {_transport.py:349} INFO - PUT http://elasticsearch:9200/_bulk [status:200 duration:0.041s]
[2026-02-22T14:19:00.223+0000] {_transport.py:349} INFO - PUT http://elasticsearch:9200/_bulk [status:200 duration:0.040s]
[2026-02-22T14:19:00.280+0000] {_transport.py:349} INFO - PUT http://elasticsearch:9200/_bulk [status:200 duration:0.042s]
[2026-02-22T14:19:00.340+0000] {_transport.py:349} INFO - PUT http://elasticsearch:9200/_bulk [status:200 duration:0.045s]
[2026-02-22T14:19:00.404+0000] {_transport.py:349} INFO - PUT http://elasticsearch:9200/_bulk [status:200 duration:0.044s]
[2026-02-22T14:19:00.463+0000] {_transport.py:349} INFO - PUT http://elasticsearch:9200/_bulk [status:200 duration:0.045s]
[2026-02-22T14:19:00.522+0000] {_transport.py:349} INFO - PUT http://elasticsearch:9200/_bulk [status:200 duration:0.043s]
[2026-02-22T14:19:00.573+0000] {_transport.py:349} INFO - PUT http://elasticsearch:9200/_bulk [status:200 duration:0.035s]
[2026-02-22T14:19:00.610+0000] {_transport.py:349} INFO - PUT http://elasticsearch:9200/_bulk [status:200 duration:0.022s]
[2026-02-22T14:19:00.640+0000] {_transport.py:349} INFO - PUT http://elasticsearch:9200/_bulk [status:200 duration:0.015s]
[2026-02-22T14:19:00.670+0000] {_transport.py:349} INFO - PUT http://elasticsearch:9200/_bulk [status:200 duration:0.015s]
[2026-02-22T14:19:00.703+0000] {_transport.py:349} INFO - PUT http://elasticsearch:9200/_bulk [status:200 duration:0.017s]
[2026-02-22T14:19:00.739+0000] {_transport.py:349} INFO - PUT http://elasticsearch:9200/_bulk [status:200 duration:0.021s]
[2026-02-22T14:19:00.778+0000] {_transport.py:349} INFO - PUT http://elasticsearch:9200/_bulk [status:200 duration:0.022s]
[2026-02-22T14:19:00.837+0000] {_transport.py:349} INFO - PUT http://elasticsearch:9200/_bulk [status:200 duration:0.043s]
[2026-02-22T14:19:00.871+0000] {_transport.py:349} INFO - PUT http://elasticsearch:9200/_bulk [status:200 duration:0.015s]
[2026-02-22T14:19:00.902+0000] {_transport.py:349} INFO - PUT http://elasticsearch:9200/_bulk [status:200 duration:0.016s]
[2026-02-22T14:19:00.932+0000] {_transport.py:349} INFO - PUT http://elasticsearch:9200/_bulk [status:200 duration:0.015s]
[2026-02-22T14:19:00.963+0000] {_transport.py:349} INFO - PUT http://elasticsearch:9200/_bulk [status:200 duration:0.014s]
[2026-02-22T14:19:00.998+0000] {_transport.py:349} INFO - PUT http://elasticsearch:9200/_bulk [status:200 duration:0.019s]
[2026-02-22T14:19:01.028+0000] {_transport.py:349} INFO - PUT http://elasticsearch:9200/_bulk [status:200 duration:0.014s]
[2026-02-22T14:19:01.059+0000] {_transport.py:349} INFO - PUT http://elasticsearch:9200/_bulk [status:200 duration:0.014s]
[2026-02-22T14:19:01.091+0000] {_transport.py:349} INFO - PUT http://elasticsearch:9200/_bulk [status:200 duration:0.017s]
[2026-02-22T14:19:01.116+0000] {_transport.py:349} INFO - PUT http://elasticsearch:9200/_bulk [status:200 duration:0.011s]
[2026-02-22T14:19:01.144+0000] {_transport.py:349} INFO - PUT http://elasticsearch:9200/_bulk [status:200 duration:0.012s]
[2026-02-22T14:19:01.171+0000] {_transport.py:349} INFO - PUT http://elasticsearch:9200/_bulk [status:200 duration:0.012s]
[2026-02-22T14:19:01.202+0000] {_transport.py:349} INFO - PUT http://elasticsearch:9200/_bulk [status:200 duration:0.012s]
[2026-02-22T14:19:01.229+0000] {_transport.py:349} INFO - PUT http://elasticsearch:9200/_bulk [status:200 duration:0.010s]
[2026-02-22T14:19:01.255+0000] {_transport.py:349} INFO - PUT http://elasticsearch:9200/_bulk [status:200 duration:0.011s]
[2026-02-22T14:19:01.281+0000] {_transport.py:349} INFO - PUT http://elasticsearch:9200/_bulk [status:200 duration:0.010s]
[2026-02-22T14:19:01.309+0000] {_transport.py:349} INFO - PUT http://elasticsearch:9200/_bulk [status:200 duration:0.011s]
[2026-02-22T14:19:01.334+0000] {_transport.py:349} INFO - PUT http://elasticsearch:9200/_bulk [status:200 duration:0.010s]
[2026-02-22T14:19:01.360+0000] {_transport.py:349} INFO - PUT http://elasticsearch:9200/_bulk [status:200 duration:0.011s]
[2026-02-22T14:19:01.386+0000] {_transport.py:349} INFO - PUT http://elasticsearch:9200/_bulk [status:200 duration:0.011s]
[2026-02-22T14:19:01.412+0000] {_transport.py:349} INFO - PUT http://elasticsearch:9200/_bulk [status:200 duration:0.011s]
[2026-02-22T14:19:01.440+0000] {_transport.py:349} INFO - PUT http://elasticsearch:9200/_bulk [status:200 duration:0.011s]
[2026-02-22T14:19:01.466+0000] {_transport.py:349} INFO - PUT http://elasticsearch:9200/_bulk [status:200 duration:0.010s]
[2026-02-22T14:19:01.491+0000] {_transport.py:349} INFO - PUT http://elasticsearch:9200/_bulk [status:200 duration:0.011s]
[2026-02-22T14:19:01.518+0000] {_transport.py:349} INFO - PUT http://elasticsearch:9200/_bulk [status:200 duration:0.011s]
[2026-02-22T14:19:01.543+0000] {_transport.py:349} INFO - PUT http://elasticsearch:9200/_bulk [status:200 duration:0.010s]
[2026-02-22T14:19:01.570+0000] {_transport.py:349} INFO - PUT http://elasticsearch:9200/_bulk [status:200 duration:0.012s]
[2026-02-22T14:19:01.596+0000] {_transport.py:349} INFO - PUT http://elasticsearch:9200/_bulk [status:200 duration:0.011s]
[2026-02-22T14:19:01.622+0000] {_transport.py:349} INFO - PUT http://elasticsearch:9200/_bulk [status:200 duration:0.010s]
[2026-02-22T14:19:01.756+0000] {_transport.py:349} INFO - PUT http://elasticsearch:9200/_bulk [status:200 duration:0.011s]
[2026-02-22T14:19:01.783+0000] {_transport.py:349} INFO - PUT http://elasticsearch:9200/_bulk [status:200 duration:0.012s]
[2026-02-22T14:19:01.811+0000] {_transport.py:349} INFO - PUT http://elasticsearch:9200/_bulk [status:200 duration:0.013s]
[2026-02-22T14:19:01.838+0000] {_transport.py:349} INFO - PUT http://elasticsearch:9200/_bulk [status:200 duration:0.011s]
[2026-02-22T14:19:01.864+0000] {_transport.py:349} INFO - PUT http://elasticsearch:9200/_bulk [status:200 duration:0.011s]
[2026-02-22T14:19:01.891+0000] {_transport.py:349} INFO - PUT http://elasticsearch:9200/_bulk [status:200 duration:0.011s]
[2026-02-22T14:19:01.919+0000] {_transport.py:349} INFO - PUT http://elasticsearch:9200/_bulk [status:200 duration:0.013s]
[2026-02-22T14:19:01.946+0000] {_transport.py:349} INFO - PUT http://elasticsearch:9200/_bulk [status:200 duration:0.011s]
[2026-02-22T14:19:01.994+0000] {_transport.py:349} INFO - PUT http://elasticsearch:9200/_bulk [status:200 duration:0.032s]
[2026-02-22T14:19:02.025+0000] {_transport.py:349} INFO - PUT http://elasticsearch:9200/_bulk [status:200 duration:0.015s]
[2026-02-22T14:19:02.050+0000] {_transport.py:349} INFO - PUT http://elasticsearch:9200/_bulk [status:200 duration:0.010s]
[2026-02-22T14:19:02.076+0000] {_transport.py:349} INFO - PUT http://elasticsearch:9200/_bulk [status:200 duration:0.010s]
[2026-02-22T14:19:02.103+0000] {_transport.py:349} INFO - PUT http://elasticsearch:9200/_bulk [status:200 duration:0.011s]
[2026-02-22T14:19:02.129+0000] {_transport.py:349} INFO - PUT http://elasticsearch:9200/_bulk [status:200 duration:0.011s]
[2026-02-22T14:19:02.157+0000] {_transport.py:349} INFO - PUT http://elasticsearch:9200/_bulk [status:200 duration:0.011s]
[2026-02-22T14:19:02.182+0000] {_transport.py:349} INFO - PUT http://elasticsearch:9200/_bulk [status:200 duration:0.010s]
[2026-02-22T14:19:02.207+0000] {_transport.py:349} INFO - PUT http://elasticsearch:9200/_bulk [status:200 duration:0.010s]
[2026-02-22T14:19:02.234+0000] {_transport.py:349} INFO - PUT http://elasticsearch:9200/_bulk [status:200 duration:0.011s]
[2026-02-22T14:19:02.261+0000] {_transport.py:349} INFO - PUT http://elasticsearch:9200/_bulk [status:200 duration:0.011s]
[2026-02-22T14:19:02.287+0000] {_transport.py:349} INFO - PUT http://elasticsearch:9200/_bulk [status:200 duration:0.010s]
[2026-02-22T14:19:02.312+0000] {_transport.py:349} INFO - PUT http://elasticsearch:9200/_bulk [status:200 duration:0.011s]
[2026-02-22T14:19:02.340+0000] {_transport.py:349} INFO - PUT http://elasticsearch:9200/_bulk [status:200 duration:0.010s]
[2026-02-22T14:19:02.365+0000] {_transport.py:349} INFO - PUT http://elasticsearch:9200/_bulk [status:200 duration:0.010s]
[2026-02-22T14:19:02.390+0000] {_transport.py:349} INFO - PUT http://elasticsearch:9200/_bulk [status:200 duration:0.010s]
[2026-02-22T14:19:02.418+0000] {_transport.py:349} INFO - PUT http://elasticsearch:9200/_bulk [status:200 duration:0.011s]
[2026-02-22T14:19:02.446+0000] {_transport.py:349} INFO - PUT http://elasticsearch:9200/_bulk [status:200 duration:0.011s]
[2026-02-22T14:19:02.473+0000] {_transport.py:349} INFO - PUT http://elasticsearch:9200/_bulk [status:200 duration:0.011s]
[2026-02-22T14:19:02.499+0000] {_transport.py:349} INFO - PUT http://elasticsearch:9200/_bulk [status:200 duration:0.011s]
[2026-02-22T14:19:02.528+0000] {_transport.py:349} INFO - PUT http://elasticsearch:9200/_bulk [status:200 duration:0.011s]
[2026-02-22T14:19:02.554+0000] {_transport.py:349} INFO - PUT http://elasticsearch:9200/_bulk [status:200 duration:0.010s]
[2026-02-22T14:19:02.579+0000] {_transport.py:349} INFO - PUT http://elasticsearch:9200/_bulk [status:200 duration:0.010s]
[2026-02-22T14:19:02.606+0000] {_transport.py:349} INFO - PUT http://elasticsearch:9200/_bulk [status:200 duration:0.011s]
[2026-02-22T14:19:02.632+0000] {_transport.py:349} INFO - PUT http://elasticsearch:9200/_bulk [status:200 duration:0.011s]
[2026-02-22T14:19:02.657+0000] {_transport.py:349} INFO - PUT http://elasticsearch:9200/_bulk [status:200 duration:0.010s]
[2026-02-22T14:19:02.683+0000] {_transport.py:349} INFO - PUT http://elasticsearch:9200/_bulk [status:200 duration:0.010s]
[2026-02-22T14:19:02.708+0000] {_transport.py:349} INFO - PUT http://elasticsearch:9200/_bulk [status:200 duration:0.010s]
[2026-02-22T14:19:02.734+0000] {_transport.py:349} INFO - PUT http://elasticsearch:9200/_bulk [status:200 duration:0.010s]
[2026-02-22T14:19:02.759+0000] {_transport.py:349} INFO - PUT http://elasticsearch:9200/_bulk [status:200 duration:0.010s]
[2026-02-22T14:19:02.784+0000] {_transport.py:349} INFO - PUT http://elasticsearch:9200/_bulk [status:200 duration:0.010s]
[2026-02-22T14:19:02.812+0000] {_transport.py:349} INFO - PUT http://elasticsearch:9200/_bulk [status:200 duration:0.012s]
[2026-02-22T14:19:02.839+0000] {_transport.py:349} INFO - PUT http://elasticsearch:9200/_bulk [status:200 duration:0.011s]
[2026-02-22T14:19:02.866+0000] {_transport.py:349} INFO - PUT http://elasticsearch:9200/_bulk [status:200 duration:0.011s]
[2026-02-22T14:19:02.891+0000] {_transport.py:349} INFO - PUT http://elasticsearch:9200/_bulk [status:200 duration:0.010s]
[2026-02-22T14:19:02.896+0000] {logging_mixin.py:190} INFO - ✅ Indexados 99999 documentos
[2026-02-22T14:19:02.896+0000] {python.py:240} INFO - Done. Returned value was: None
[2026-02-22T14:19:02.903+0000] {taskinstance.py:340} INFO - ::group::Post task execution logs
[2026-02-22T14:19:02.904+0000] {taskinstance.py:352} INFO - Marking task as SUCCESS. dag_id=elasticsearch_indexer, task_id=index_csv_data, run_id=manual__2026-02-22T14:18:54.078389+00:00, execution_date=20260222T141854, start_date=20260222T141858, end_date=20260222T141902
[2026-02-22T14:19:02.942+0000] {local_task_job_runner.py:266} INFO - Task exited with return code 0
[2026-02-22T14:19:02.956+0000] {taskinstance.py:3895} INFO - 1 downstream tasks scheduled from follow-on schedule check
[2026-02-22T14:19:02.958+0000] {local_task_job_runner.py:245} INFO - ::endgroup::
