[2026-02-22T14:18:57.661+0000] {local_task_job_runner.py:123} INFO - ::group::Pre task execution logs
[2026-02-22T14:18:57.672+0000] {taskinstance.py:2613} INFO - Dependencies all met for dep_context=non-requeueable deps ti=<TaskInstance: elasticsearch_indexer.create_index manual__2026-02-22T14:18:54.078389+00:00 [queued]>
[2026-02-22T14:18:57.677+0000] {taskinstance.py:2613} INFO - Dependencies all met for dep_context=requeueable deps ti=<TaskInstance: elasticsearch_indexer.create_index manual__2026-02-22T14:18:54.078389+00:00 [queued]>
[2026-02-22T14:18:57.678+0000] {taskinstance.py:2866} INFO - Starting attempt 1 of 3
[2026-02-22T14:18:57.687+0000] {taskinstance.py:2889} INFO - Executing <Task(PythonOperator): create_index> on 2026-02-22 14:18:54.078389+00:00
[2026-02-22T14:18:57.694+0000] {warnings.py:112} WARNING - /home/***/.local/lib/python3.12/site-packages/***/task/task_runner/standard_task_runner.py:70: DeprecationWarning: This process (pid=995) is multi-threaded, use of fork() may lead to deadlocks in the child.
  pid = os.fork()

[2026-02-22T14:18:57.695+0000] {standard_task_runner.py:72} INFO - Started process 996 to run task
[2026-02-22T14:18:57.695+0000] {standard_task_runner.py:104} INFO - Running: ['***', 'tasks', 'run', 'elasticsearch_indexer', 'create_index', 'manual__2026-02-22T14:18:54.078389+00:00', '--job-id', '12', '--raw', '--subdir', 'DAGS_FOLDER/elasticsearch_indexer.py', '--cfg-path', '/tmp/tmpfmk1j057']
[2026-02-22T14:18:57.696+0000] {standard_task_runner.py:105} INFO - Job 12: Subtask create_index
[2026-02-22T14:18:57.724+0000] {task_command.py:467} INFO - Running <TaskInstance: elasticsearch_indexer.create_index manual__2026-02-22T14:18:54.078389+00:00 [running]> on host 1ae2f65e4fd0
[2026-02-22T14:18:57.782+0000] {taskinstance.py:3132} INFO - Exporting env vars: AIRFLOW_CTX_DAG_OWNER='data-team' AIRFLOW_CTX_DAG_ID='elasticsearch_indexer' AIRFLOW_CTX_TASK_ID='create_index' AIRFLOW_CTX_EXECUTION_DATE='2026-02-22T14:18:54.078389+00:00' AIRFLOW_CTX_TRY_NUMBER='1' AIRFLOW_CTX_DAG_RUN_ID='manual__2026-02-22T14:18:54.078389+00:00'
[2026-02-22T14:18:57.783+0000] {taskinstance.py:731} INFO - ::endgroup::
[2026-02-22T14:18:57.806+0000] {_transport.py:349} INFO - HEAD http://elasticsearch:9200/mm_dataset [status:200 duration:0.010s]
[2026-02-22T14:18:57.806+0000] {logging_mixin.py:190} INFO - Índice 'mm_dataset' já existe
[2026-02-22T14:18:57.806+0000] {python.py:240} INFO - Done. Returned value was: None
[2026-02-22T14:18:57.815+0000] {taskinstance.py:340} INFO - ::group::Post task execution logs
[2026-02-22T14:18:57.815+0000] {taskinstance.py:352} INFO - Marking task as SUCCESS. dag_id=elasticsearch_indexer, task_id=create_index, run_id=manual__2026-02-22T14:18:54.078389+00:00, execution_date=20260222T141854, start_date=20260222T141857, end_date=20260222T141857
[2026-02-22T14:18:57.829+0000] {local_task_job_runner.py:266} INFO - Task exited with return code 0
[2026-02-22T14:18:57.845+0000] {taskinstance.py:3895} INFO - 1 downstream tasks scheduled from follow-on schedule check
[2026-02-22T14:18:57.847+0000] {local_task_job_runner.py:245} INFO - ::endgroup::
