[2026-02-22T14:20:11.991+0000] {local_task_job_runner.py:123} INFO - ::group::Pre task execution logs
[2026-02-22T14:20:12.005+0000] {taskinstance.py:2613} INFO - Dependencies all met for dep_context=non-requeueable deps ti=<TaskInstance: spark_elasticsearch_pipeline.create_elasticsearch_visualization manual__2026-02-22T14:20:04.975598+00:00 [queued]>
[2026-02-22T14:20:12.012+0000] {taskinstance.py:2613} INFO - Dependencies all met for dep_context=requeueable deps ti=<TaskInstance: spark_elasticsearch_pipeline.create_elasticsearch_visualization manual__2026-02-22T14:20:04.975598+00:00 [queued]>
[2026-02-22T14:20:12.012+0000] {taskinstance.py:2866} INFO - Starting attempt 1 of 3
[2026-02-22T14:20:12.022+0000] {taskinstance.py:2889} INFO - Executing <Task(PythonOperator): create_elasticsearch_visualization> on 2026-02-22 14:20:04.975598+00:00
[2026-02-22T14:20:12.029+0000] {warnings.py:112} WARNING - /home/***/.local/lib/python3.12/site-packages/***/task/task_runner/standard_task_runner.py:70: DeprecationWarning: This process (pid=1083) is multi-threaded, use of fork() may lead to deadlocks in the child.
  pid = os.fork()

[2026-02-22T14:20:12.031+0000] {standard_task_runner.py:72} INFO - Started process 1084 to run task
[2026-02-22T14:20:12.031+0000] {standard_task_runner.py:104} INFO - Running: ['***', 'tasks', 'run', 'spark_elasticsearch_pipeline', 'create_elasticsearch_visualization', 'manual__2026-02-22T14:20:04.975598+00:00', '--job-id', '17', '--raw', '--subdir', 'DAGS_FOLDER/spark_elasticsearch_pipeline.py', '--cfg-path', '/tmp/tmpkn4cn1vn']
[2026-02-22T14:20:12.032+0000] {standard_task_runner.py:105} INFO - Job 17: Subtask create_elasticsearch_visualization
[2026-02-22T14:20:12.063+0000] {task_command.py:467} INFO - Running <TaskInstance: spark_elasticsearch_pipeline.create_elasticsearch_visualization manual__2026-02-22T14:20:04.975598+00:00 [running]> on host 1ae2f65e4fd0
[2026-02-22T14:20:12.117+0000] {taskinstance.py:3132} INFO - Exporting env vars: AIRFLOW_CTX_DAG_OWNER='data-team' AIRFLOW_CTX_DAG_ID='spark_elasticsearch_pipeline' AIRFLOW_CTX_TASK_ID='create_elasticsearch_visualization' AIRFLOW_CTX_EXECUTION_DATE='2026-02-22T14:20:04.975598+00:00' AIRFLOW_CTX_TRY_NUMBER='1' AIRFLOW_CTX_DAG_RUN_ID='manual__2026-02-22T14:20:04.975598+00:00'
[2026-02-22T14:20:12.118+0000] {taskinstance.py:731} INFO - ::endgroup::
[2026-02-22T14:20:12.261+0000] {logging_mixin.py:190} INFO - 
📈 Queries de Visualização:
[2026-02-22T14:20:12.261+0000] {logging_mixin.py:190} INFO - 🗺️ Top 5 Estados por Total Count:
[2026-02-22T14:20:12.268+0000] {_transport.py:349} INFO - POST http://elasticsearch:9200/mm_state_aggregations/_search [status:200 duration:0.006s]
[2026-02-22T14:20:12.268+0000] {logging_mixin.py:190} INFO -    1. CA: 561,184 (média: 55.21)
[2026-02-22T14:20:12.269+0000] {logging_mixin.py:190} INFO -    2. WA: 557,227 (média: 55.36)
[2026-02-22T14:20:12.269+0000] {logging_mixin.py:190} INFO -    3. TX: 556,493 (média: 55.25)
[2026-02-22T14:20:12.269+0000] {logging_mixin.py:190} INFO -    4. CO: 556,302 (média: 55.35)
[2026-02-22T14:20:12.270+0000] {logging_mixin.py:190} INFO -    5. NM: 553,454 (média: 55.07)
[2026-02-22T14:20:12.270+0000] {logging_mixin.py:190} INFO - 
🎨 Distribuição de Cores:
[2026-02-22T14:20:12.274+0000] {_transport.py:349} INFO - POST http://elasticsearch:9200/mm_color_aggregations/_search [status:200 duration:0.003s]
[2026-02-22T14:20:12.274+0000] {logging_mixin.py:190} INFO -    Green: 926,150 registros
[2026-02-22T14:20:12.274+0000] {logging_mixin.py:190} INFO -    Yellow: 923,009 registros
[2026-02-22T14:20:12.275+0000] {logging_mixin.py:190} INFO -    Red: 916,864 registros
[2026-02-22T14:20:12.275+0000] {logging_mixin.py:190} INFO -    Orange: 915,793 registros
[2026-02-22T14:20:12.275+0000] {logging_mixin.py:190} INFO -    Brown: 915,703 registros
[2026-02-22T14:20:12.276+0000] {logging_mixin.py:190} INFO -    Blue: 902,516 registros
[2026-02-22T14:20:12.276+0000] {logging_mixin.py:190} INFO - 
📊 Estatísticas Gerais:
[2026-02-22T14:20:12.279+0000] {_transport.py:349} INFO - POST http://elasticsearch:9200/mm_state_aggregations/_count [status:200 duration:0.003s]
[2026-02-22T14:20:12.281+0000] {_transport.py:349} INFO - POST http://elasticsearch:9200/mm_color_aggregations/_count [status:200 duration:0.001s]
[2026-02-22T14:20:12.281+0000] {logging_mixin.py:190} INFO -    Estados únicos: 10
[2026-02-22T14:20:12.281+0000] {logging_mixin.py:190} INFO -    Cores únicas: 6
[2026-02-22T14:20:12.282+0000] {python.py:240} INFO - Done. Returned value was: None
[2026-02-22T14:20:12.289+0000] {taskinstance.py:340} INFO - ::group::Post task execution logs
[2026-02-22T14:20:12.289+0000] {taskinstance.py:352} INFO - Marking task as SUCCESS. dag_id=spark_elasticsearch_pipeline, task_id=create_elasticsearch_visualization, run_id=manual__2026-02-22T14:20:04.975598+00:00, execution_date=20260222T142004, start_date=20260222T142012, end_date=20260222T142012
[2026-02-22T14:20:12.325+0000] {local_task_job_runner.py:266} INFO - Task exited with return code 0
[2026-02-22T14:20:12.336+0000] {taskinstance.py:3895} INFO - 0 downstream tasks scheduled from follow-on schedule check
[2026-02-22T14:20:12.338+0000] {local_task_job_runner.py:245} INFO - ::endgroup::
