[2026-02-22T13:27:26.548+0000] {local_task_job_runner.py:123} INFO - ::group::Pre task execution logs
[2026-02-22T13:27:26.561+0000] {taskinstance.py:2613} INFO - Dependencies all met for dep_context=non-requeueable deps ti=<TaskInstance: elasticsearch_indexer.get_stats manual__2026-02-22T13:27:18.381682+00:00 [queued]>
[2026-02-22T13:27:26.566+0000] {taskinstance.py:2613} INFO - Dependencies all met for dep_context=requeueable deps ti=<TaskInstance: elasticsearch_indexer.get_stats manual__2026-02-22T13:27:18.381682+00:00 [queued]>
[2026-02-22T13:27:26.567+0000] {taskinstance.py:2866} INFO - Starting attempt 1 of 3
[2026-02-22T13:27:26.575+0000] {taskinstance.py:2889} INFO - Executing <Task(PythonOperator): get_stats> on 2026-02-22 13:27:18.381682+00:00
[2026-02-22T13:27:26.582+0000] {warnings.py:112} WARNING - /home/***/.local/lib/python3.12/site-packages/***/task/task_runner/standard_task_runner.py:70: DeprecationWarning: This process (pid=268) is multi-threaded, use of fork() may lead to deadlocks in the child.
  pid = os.fork()

[2026-02-22T13:27:26.583+0000] {standard_task_runner.py:72} INFO - Started process 269 to run task
[2026-02-22T13:27:26.583+0000] {standard_task_runner.py:104} INFO - Running: ['***', 'tasks', 'run', 'elasticsearch_indexer', 'get_stats', 'manual__2026-02-22T13:27:18.381682+00:00', '--job-id', '7', '--raw', '--subdir', 'DAGS_FOLDER/elasticsearch_indexer.py', '--cfg-path', '/tmp/tmpxzl8iihv']
[2026-02-22T13:27:26.584+0000] {standard_task_runner.py:105} INFO - Job 7: Subtask get_stats
[2026-02-22T13:27:26.612+0000] {task_command.py:467} INFO - Running <TaskInstance: elasticsearch_indexer.get_stats manual__2026-02-22T13:27:18.381682+00:00 [running]> on host 1ae2f65e4fd0
[2026-02-22T13:27:26.663+0000] {taskinstance.py:3132} INFO - Exporting env vars: AIRFLOW_CTX_DAG_OWNER='data-team' AIRFLOW_CTX_DAG_ID='elasticsearch_indexer' AIRFLOW_CTX_TASK_ID='get_stats' AIRFLOW_CTX_EXECUTION_DATE='2026-02-22T13:27:18.381682+00:00' AIRFLOW_CTX_TRY_NUMBER='1' AIRFLOW_CTX_DAG_RUN_ID='manual__2026-02-22T13:27:18.381682+00:00'
[2026-02-22T13:27:26.663+0000] {taskinstance.py:731} INFO - ::endgroup::
[2026-02-22T13:27:26.704+0000] {_transport.py:349} INFO - POST http://elasticsearch:9200/mm_dataset/_count [status:200 duration:0.031s]
[2026-02-22T13:27:26.705+0000] {logging_mixin.py:190} INFO - 📊 Total de documentos no índice 'mm_dataset': 99999
[2026-02-22T13:27:26.751+0000] {_transport.py:349} INFO - POST http://elasticsearch:9200/mm_dataset/_search [status:200 duration:0.046s]
[2026-02-22T13:27:26.752+0000] {logging_mixin.py:190} INFO - 
🔝 Top 5 Estados:
[2026-02-22T13:27:26.752+0000] {logging_mixin.py:190} INFO -   CA: 10164 docs
[2026-02-22T13:27:26.753+0000] {logging_mixin.py:190} INFO -   TX: 10072 docs
[2026-02-22T13:27:26.753+0000] {logging_mixin.py:190} INFO -   WA: 10065 docs
[2026-02-22T13:27:26.753+0000] {logging_mixin.py:190} INFO -   CO: 10051 docs
[2026-02-22T13:27:26.754+0000] {logging_mixin.py:190} INFO -   NM: 10050 docs
[2026-02-22T13:27:26.754+0000] {logging_mixin.py:190} INFO - 
🎨 Top 5 Cores:
[2026-02-22T13:27:26.754+0000] {logging_mixin.py:190} INFO -   Green: 16928 docs
[2026-02-22T13:27:26.755+0000] {logging_mixin.py:190} INFO -   Yellow: 16796 docs
[2026-02-22T13:27:26.755+0000] {logging_mixin.py:190} INFO -   Orange: 16697 docs
[2026-02-22T13:27:26.755+0000] {logging_mixin.py:190} INFO -   Red: 16619 docs
[2026-02-22T13:27:26.756+0000] {logging_mixin.py:190} INFO -   Brown: 16510 docs
[2026-02-22T13:27:26.756+0000] {python.py:240} INFO - Done. Returned value was: None
[2026-02-22T13:27:26.763+0000] {taskinstance.py:340} INFO - ::group::Post task execution logs
[2026-02-22T13:27:26.764+0000] {taskinstance.py:352} INFO - Marking task as SUCCESS. dag_id=elasticsearch_indexer, task_id=get_stats, run_id=manual__2026-02-22T13:27:18.381682+00:00, execution_date=20260222T132718, start_date=20260222T132726, end_date=20260222T132726
[2026-02-22T13:27:26.797+0000] {local_task_job_runner.py:266} INFO - Task exited with return code 0
[2026-02-22T13:27:26.808+0000] {taskinstance.py:3895} INFO - 0 downstream tasks scheduled from follow-on schedule check
[2026-02-22T13:27:26.810+0000] {local_task_job_runner.py:245} INFO - ::endgroup::
