[2026-02-22T13:27:19.091+0000] {local_task_job_runner.py:123} INFO - ::group::Pre task execution logs
[2026-02-22T13:27:19.105+0000] {taskinstance.py:2613} INFO - Dependencies all met for dep_context=non-requeueable deps ti=<TaskInstance: elasticsearch_indexer.check_elasticsearch manual__2026-02-22T13:27:18.381682+00:00 [queued]>
[2026-02-22T13:27:19.111+0000] {taskinstance.py:2613} INFO - Dependencies all met for dep_context=requeueable deps ti=<TaskInstance: elasticsearch_indexer.check_elasticsearch manual__2026-02-22T13:27:18.381682+00:00 [queued]>
[2026-02-22T13:27:19.112+0000] {taskinstance.py:2866} INFO - Starting attempt 1 of 3
[2026-02-22T13:27:19.122+0000] {taskinstance.py:2889} INFO - Executing <Task(PythonOperator): check_elasticsearch> on 2026-02-22 13:27:18.381682+00:00
[2026-02-22T13:27:19.130+0000] {warnings.py:112} WARNING - /home/***/.local/lib/python3.12/site-packages/***/task/task_runner/standard_task_runner.py:70: DeprecationWarning: This process (pid=259) is multi-threaded, use of fork() may lead to deadlocks in the child.
  pid = os.fork()

[2026-02-22T13:27:19.131+0000] {standard_task_runner.py:72} INFO - Started process 260 to run task
[2026-02-22T13:27:19.131+0000] {standard_task_runner.py:104} INFO - Running: ['***', 'tasks', 'run', 'elasticsearch_indexer', 'check_elasticsearch', 'manual__2026-02-22T13:27:18.381682+00:00', '--job-id', '4', '--raw', '--subdir', 'DAGS_FOLDER/elasticsearch_indexer.py', '--cfg-path', '/tmp/tmpmnxxd6l9']
[2026-02-22T13:27:19.132+0000] {standard_task_runner.py:105} INFO - Job 4: Subtask check_elasticsearch
[2026-02-22T13:27:19.171+0000] {task_command.py:467} INFO - Running <TaskInstance: elasticsearch_indexer.check_elasticsearch manual__2026-02-22T13:27:18.381682+00:00 [running]> on host 1ae2f65e4fd0
[2026-02-22T13:27:19.227+0000] {taskinstance.py:3132} INFO - Exporting env vars: AIRFLOW_CTX_DAG_OWNER='data-team' AIRFLOW_CTX_DAG_ID='elasticsearch_indexer' AIRFLOW_CTX_TASK_ID='check_elasticsearch' AIRFLOW_CTX_EXECUTION_DATE='2026-02-22T13:27:18.381682+00:00' AIRFLOW_CTX_TRY_NUMBER='1' AIRFLOW_CTX_DAG_RUN_ID='manual__2026-02-22T13:27:18.381682+00:00'
[2026-02-22T13:27:19.228+0000] {taskinstance.py:731} INFO - ::endgroup::
[2026-02-22T13:27:19.247+0000] {_transport.py:349} INFO - HEAD http://elasticsearch:9200/ [status:200 duration:0.006s]
[2026-02-22T13:27:19.248+0000] {logging_mixin.py:190} INFO - ✅ Elasticsearch conectado: http://elasticsearch:9200
[2026-02-22T13:27:19.249+0000] {_transport.py:349} INFO - GET http://elasticsearch:9200/ [status:200 duration:0.001s]
[2026-02-22T13:27:19.250+0000] {logging_mixin.py:190} INFO - Cluster: docker-cluster, Versão: 8.11.0
[2026-02-22T13:27:19.250+0000] {python.py:240} INFO - Done. Returned value was: True
[2026-02-22T13:27:19.269+0000] {taskinstance.py:340} INFO - ::group::Post task execution logs
[2026-02-22T13:27:19.270+0000] {taskinstance.py:352} INFO - Marking task as SUCCESS. dag_id=elasticsearch_indexer, task_id=check_elasticsearch, run_id=manual__2026-02-22T13:27:18.381682+00:00, execution_date=20260222T132718, start_date=20260222T132719, end_date=20260222T132719
[2026-02-22T13:27:19.306+0000] {local_task_job_runner.py:266} INFO - Task exited with return code 0
[2026-02-22T13:27:19.325+0000] {taskinstance.py:3895} INFO - 1 downstream tasks scheduled from follow-on schedule check
[2026-02-22T13:27:19.327+0000] {local_task_job_runner.py:245} INFO - ::endgroup::
