[2026-02-22T14:18:55.790+0000] {local_task_job_runner.py:123} INFO - ::group::Pre task execution logs
[2026-02-22T14:18:55.802+0000] {taskinstance.py:2613} INFO - Dependencies all met for dep_context=non-requeueable deps ti=<TaskInstance: elasticsearch_indexer.check_elasticsearch manual__2026-02-22T14:18:54.078389+00:00 [queued]>
[2026-02-22T14:18:55.808+0000] {taskinstance.py:2613} INFO - Dependencies all met for dep_context=requeueable deps ti=<TaskInstance: elasticsearch_indexer.check_elasticsearch manual__2026-02-22T14:18:54.078389+00:00 [queued]>
[2026-02-22T14:18:55.808+0000] {taskinstance.py:2866} INFO - Starting attempt 1 of 3
[2026-02-22T14:18:55.817+0000] {taskinstance.py:2889} INFO - Executing <Task(PythonOperator): check_elasticsearch> on 2026-02-22 14:18:54.078389+00:00
[2026-02-22T14:18:55.824+0000] {warnings.py:112} WARNING - /home/***/.local/lib/python3.12/site-packages/***/task/task_runner/standard_task_runner.py:70: DeprecationWarning: This process (pid=992) is multi-threaded, use of fork() may lead to deadlocks in the child.
  pid = os.fork()

[2026-02-22T14:18:55.825+0000] {standard_task_runner.py:72} INFO - Started process 993 to run task
[2026-02-22T14:18:55.825+0000] {standard_task_runner.py:104} INFO - Running: ['***', 'tasks', 'run', 'elasticsearch_indexer', 'check_elasticsearch', 'manual__2026-02-22T14:18:54.078389+00:00', '--job-id', '11', '--raw', '--subdir', 'DAGS_FOLDER/elasticsearch_indexer.py', '--cfg-path', '/tmp/tmpygy21y3w']
[2026-02-22T14:18:55.826+0000] {standard_task_runner.py:105} INFO - Job 11: Subtask check_elasticsearch
[2026-02-22T14:18:55.852+0000] {task_command.py:467} INFO - Running <TaskInstance: elasticsearch_indexer.check_elasticsearch manual__2026-02-22T14:18:54.078389+00:00 [running]> on host 1ae2f65e4fd0
[2026-02-22T14:18:55.905+0000] {taskinstance.py:3132} INFO - Exporting env vars: AIRFLOW_CTX_DAG_OWNER='data-team' AIRFLOW_CTX_DAG_ID='elasticsearch_indexer' AIRFLOW_CTX_TASK_ID='check_elasticsearch' AIRFLOW_CTX_EXECUTION_DATE='2026-02-22T14:18:54.078389+00:00' AIRFLOW_CTX_TRY_NUMBER='1' AIRFLOW_CTX_DAG_RUN_ID='manual__2026-02-22T14:18:54.078389+00:00'
[2026-02-22T14:18:55.905+0000] {taskinstance.py:731} INFO - ::endgroup::
[2026-02-22T14:18:55.925+0000] {_transport.py:349} INFO - HEAD http://elasticsearch:9200/ [status:200 duration:0.005s]
[2026-02-22T14:18:55.925+0000] {logging_mixin.py:190} INFO - ✅ Elasticsearch conectado: http://elasticsearch:9200
[2026-02-22T14:18:55.927+0000] {_transport.py:349} INFO - GET http://elasticsearch:9200/ [status:200 duration:0.001s]
[2026-02-22T14:18:55.927+0000] {logging_mixin.py:190} INFO - Cluster: docker-cluster, Versão: 8.11.0
[2026-02-22T14:18:55.927+0000] {python.py:240} INFO - Done. Returned value was: True
[2026-02-22T14:18:55.943+0000] {taskinstance.py:340} INFO - ::group::Post task execution logs
[2026-02-22T14:18:55.944+0000] {taskinstance.py:352} INFO - Marking task as SUCCESS. dag_id=elasticsearch_indexer, task_id=check_elasticsearch, run_id=manual__2026-02-22T14:18:54.078389+00:00, execution_date=20260222T141854, start_date=20260222T141855, end_date=20260222T141855
[2026-02-22T14:18:55.960+0000] {local_task_job_runner.py:266} INFO - Task exited with return code 0
[2026-02-22T14:18:55.976+0000] {taskinstance.py:3895} INFO - 1 downstream tasks scheduled from follow-on schedule check
[2026-02-22T14:18:55.977+0000] {local_task_job_runner.py:245} INFO - ::endgroup::
