[2026-02-22T13:27:21.549+0000] {local_task_job_runner.py:123} INFO - ::group::Pre task execution logs
[2026-02-22T13:27:21.563+0000] {taskinstance.py:2613} INFO - Dependencies all met for dep_context=non-requeueable deps ti=<TaskInstance: elasticsearch_indexer.index_csv_data manual__2026-02-22T13:27:18.381682+00:00 [queued]>
[2026-02-22T13:27:21.569+0000] {taskinstance.py:2613} INFO - Dependencies all met for dep_context=requeueable deps ti=<TaskInstance: elasticsearch_indexer.index_csv_data manual__2026-02-22T13:27:18.381682+00:00 [queued]>
[2026-02-22T13:27:21.569+0000] {taskinstance.py:2866} INFO - Starting attempt 1 of 3
[2026-02-22T13:27:21.579+0000] {taskinstance.py:2889} INFO - Executing <Task(PythonOperator): index_csv_data> on 2026-02-22 13:27:18.381682+00:00
[2026-02-22T13:27:21.586+0000] {warnings.py:112} WARNING - /home/***/.local/lib/python3.12/site-packages/***/task/task_runner/standard_task_runner.py:70: DeprecationWarning: This process (pid=265) is multi-threaded, use of fork() may lead to deadlocks in the child.
  pid = os.fork()

[2026-02-22T13:27:21.587+0000] {standard_task_runner.py:72} INFO - Started process 266 to run task
[2026-02-22T13:27:21.587+0000] {standard_task_runner.py:104} INFO - Running: ['***', 'tasks', 'run', 'elasticsearch_indexer', 'index_csv_data', 'manual__2026-02-22T13:27:18.381682+00:00', '--job-id', '6', '--raw', '--subdir', 'DAGS_FOLDER/elasticsearch_indexer.py', '--cfg-path', '/tmp/tmpkx76ot94']
[2026-02-22T13:27:21.588+0000] {standard_task_runner.py:105} INFO - Job 6: Subtask index_csv_data
[2026-02-22T13:27:21.621+0000] {task_command.py:467} INFO - Running <TaskInstance: elasticsearch_indexer.index_csv_data manual__2026-02-22T13:27:18.381682+00:00 [running]> on host 1ae2f65e4fd0
[2026-02-22T13:27:21.675+0000] {taskinstance.py:3132} INFO - Exporting env vars: AIRFLOW_CTX_DAG_OWNER='data-team' AIRFLOW_CTX_DAG_ID='elasticsearch_indexer' AIRFLOW_CTX_TASK_ID='index_csv_data' AIRFLOW_CTX_EXECUTION_DATE='2026-02-22T13:27:18.381682+00:00' AIRFLOW_CTX_TRY_NUMBER='1' AIRFLOW_CTX_DAG_RUN_ID='manual__2026-02-22T13:27:18.381682+00:00'
[2026-02-22T13:27:21.676+0000] {taskinstance.py:731} INFO - ::endgroup::
[2026-02-22T13:27:21.852+0000] {_transport.py:349} INFO - PUT http://elasticsearch:9200/_bulk [status:200 duration:0.151s]
[2026-02-22T13:27:21.927+0000] {_transport.py:349} INFO - PUT http://elasticsearch:9200/_bulk [status:200 duration:0.049s]
[2026-02-22T13:27:22.124+0000] {_transport.py:349} INFO - PUT http://elasticsearch:9200/_bulk [status:200 duration:0.032s]
[2026-02-22T13:27:22.171+0000] {_transport.py:349} INFO - PUT http://elasticsearch:9200/_bulk [status:200 duration:0.031s]
[2026-02-22T13:27:22.222+0000] {_transport.py:349} INFO - PUT http://elasticsearch:9200/_bulk [status:200 duration:0.033s]
[2026-02-22T13:27:22.266+0000] {_transport.py:349} INFO - PUT http://elasticsearch:9200/_bulk [status:200 duration:0.027s]
[2026-02-22T13:27:22.309+0000] {_transport.py:349} INFO - PUT http://elasticsearch:9200/_bulk [status:200 duration:0.027s]
[2026-02-22T13:27:22.350+0000] {_transport.py:349} INFO - PUT http://elasticsearch:9200/_bulk [status:200 duration:0.026s]
[2026-02-22T13:27:22.392+0000] {_transport.py:349} INFO - PUT http://elasticsearch:9200/_bulk [status:200 duration:0.026s]
[2026-02-22T13:27:22.432+0000] {_transport.py:349} INFO - PUT http://elasticsearch:9200/_bulk [status:200 duration:0.025s]
[2026-02-22T13:27:22.468+0000] {_transport.py:349} INFO - PUT http://elasticsearch:9200/_bulk [status:200 duration:0.021s]
[2026-02-22T13:27:22.503+0000] {_transport.py:349} INFO - PUT http://elasticsearch:9200/_bulk [status:200 duration:0.020s]
[2026-02-22T13:27:22.540+0000] {_transport.py:349} INFO - PUT http://elasticsearch:9200/_bulk [status:200 duration:0.022s]
[2026-02-22T13:27:22.576+0000] {_transport.py:349} INFO - PUT http://elasticsearch:9200/_bulk [status:200 duration:0.021s]
[2026-02-22T13:27:22.614+0000] {_transport.py:349} INFO - PUT http://elasticsearch:9200/_bulk [status:200 duration:0.022s]
[2026-02-22T13:27:22.650+0000] {_transport.py:349} INFO - PUT http://elasticsearch:9200/_bulk [status:200 duration:0.021s]
[2026-02-22T13:27:22.692+0000] {_transport.py:349} INFO - PUT http://elasticsearch:9200/_bulk [status:200 duration:0.024s]
[2026-02-22T13:27:22.729+0000] {_transport.py:349} INFO - PUT http://elasticsearch:9200/_bulk [status:200 duration:0.021s]
[2026-02-22T13:27:22.764+0000] {_transport.py:349} INFO - PUT http://elasticsearch:9200/_bulk [status:200 duration:0.020s]
[2026-02-22T13:27:22.799+0000] {_transport.py:349} INFO - PUT http://elasticsearch:9200/_bulk [status:200 duration:0.020s]
[2026-02-22T13:27:22.835+0000] {_transport.py:349} INFO - PUT http://elasticsearch:9200/_bulk [status:200 duration:0.021s]
[2026-02-22T13:27:22.872+0000] {_transport.py:349} INFO - PUT http://elasticsearch:9200/_bulk [status:200 duration:0.021s]
[2026-02-22T13:27:22.905+0000] {_transport.py:349} INFO - PUT http://elasticsearch:9200/_bulk [status:200 duration:0.018s]
[2026-02-22T13:27:22.940+0000] {_transport.py:349} INFO - PUT http://elasticsearch:9200/_bulk [status:200 duration:0.019s]
[2026-02-22T13:27:22.991+0000] {_transport.py:349} INFO - PUT http://elasticsearch:9200/_bulk [status:200 duration:0.036s]
[2026-02-22T13:27:23.024+0000] {_transport.py:349} INFO - PUT http://elasticsearch:9200/_bulk [status:200 duration:0.017s]
[2026-02-22T13:27:23.056+0000] {_transport.py:349} INFO - PUT http://elasticsearch:9200/_bulk [status:200 duration:0.017s]
[2026-02-22T13:27:23.088+0000] {_transport.py:349} INFO - PUT http://elasticsearch:9200/_bulk [status:200 duration:0.017s]
[2026-02-22T13:27:23.128+0000] {_transport.py:349} INFO - PUT http://elasticsearch:9200/_bulk [status:200 duration:0.023s]
[2026-02-22T13:27:23.159+0000] {_transport.py:349} INFO - PUT http://elasticsearch:9200/_bulk [status:200 duration:0.016s]
[2026-02-22T13:27:23.192+0000] {_transport.py:349} INFO - PUT http://elasticsearch:9200/_bulk [status:200 duration:0.016s]
[2026-02-22T13:27:23.224+0000] {_transport.py:349} INFO - PUT http://elasticsearch:9200/_bulk [status:200 duration:0.016s]
[2026-02-22T13:27:23.257+0000] {_transport.py:349} INFO - PUT http://elasticsearch:9200/_bulk [status:200 duration:0.017s]
[2026-02-22T13:27:23.289+0000] {_transport.py:349} INFO - PUT http://elasticsearch:9200/_bulk [status:200 duration:0.016s]
[2026-02-22T13:27:23.320+0000] {_transport.py:349} INFO - PUT http://elasticsearch:9200/_bulk [status:200 duration:0.016s]
[2026-02-22T13:27:23.352+0000] {_transport.py:349} INFO - PUT http://elasticsearch:9200/_bulk [status:200 duration:0.016s]
[2026-02-22T13:27:23.383+0000] {_transport.py:349} INFO - PUT http://elasticsearch:9200/_bulk [status:200 duration:0.015s]
[2026-02-22T13:27:23.414+0000] {_transport.py:349} INFO - PUT http://elasticsearch:9200/_bulk [status:200 duration:0.015s]
[2026-02-22T13:27:23.444+0000] {_transport.py:349} INFO - PUT http://elasticsearch:9200/_bulk [status:200 duration:0.015s]
[2026-02-22T13:27:23.473+0000] {_transport.py:349} INFO - PUT http://elasticsearch:9200/_bulk [status:200 duration:0.014s]
[2026-02-22T13:27:23.503+0000] {_transport.py:349} INFO - PUT http://elasticsearch:9200/_bulk [status:200 duration:0.014s]
[2026-02-22T13:27:23.534+0000] {_transport.py:349} INFO - PUT http://elasticsearch:9200/_bulk [status:200 duration:0.015s]
[2026-02-22T13:27:23.563+0000] {_transport.py:349} INFO - PUT http://elasticsearch:9200/_bulk [status:200 duration:0.014s]
[2026-02-22T13:27:23.594+0000] {_transport.py:349} INFO - PUT http://elasticsearch:9200/_bulk [status:200 duration:0.016s]
[2026-02-22T13:27:23.624+0000] {_transport.py:349} INFO - PUT http://elasticsearch:9200/_bulk [status:200 duration:0.014s]
[2026-02-22T13:27:23.652+0000] {_transport.py:349} INFO - PUT http://elasticsearch:9200/_bulk [status:200 duration:0.014s]
[2026-02-22T13:27:23.682+0000] {_transport.py:349} INFO - PUT http://elasticsearch:9200/_bulk [status:200 duration:0.014s]
[2026-02-22T13:27:23.711+0000] {_transport.py:349} INFO - PUT http://elasticsearch:9200/_bulk [status:200 duration:0.014s]
[2026-02-22T13:27:23.741+0000] {_transport.py:349} INFO - PUT http://elasticsearch:9200/_bulk [status:200 duration:0.016s]
[2026-02-22T13:27:23.771+0000] {_transport.py:349} INFO - PUT http://elasticsearch:9200/_bulk [status:200 duration:0.014s]
[2026-02-22T13:27:23.802+0000] {_transport.py:349} INFO - PUT http://elasticsearch:9200/_bulk [status:200 duration:0.016s]
[2026-02-22T13:27:23.832+0000] {_transport.py:349} INFO - PUT http://elasticsearch:9200/_bulk [status:200 duration:0.014s]
[2026-02-22T13:27:23.862+0000] {_transport.py:349} INFO - PUT http://elasticsearch:9200/_bulk [status:200 duration:0.014s]
[2026-02-22T13:27:23.892+0000] {_transport.py:349} INFO - PUT http://elasticsearch:9200/_bulk [status:200 duration:0.015s]
[2026-02-22T13:27:23.924+0000] {_transport.py:349} INFO - PUT http://elasticsearch:9200/_bulk [status:200 duration:0.016s]
[2026-02-22T13:27:23.966+0000] {_transport.py:349} INFO - PUT http://elasticsearch:9200/_bulk [status:200 duration:0.026s]
[2026-02-22T13:27:23.999+0000] {_transport.py:349} INFO - PUT http://elasticsearch:9200/_bulk [status:200 duration:0.016s]
[2026-02-22T13:27:24.136+0000] {_transport.py:349} INFO - PUT http://elasticsearch:9200/_bulk [status:200 duration:0.014s]
[2026-02-22T13:27:24.165+0000] {_transport.py:349} INFO - PUT http://elasticsearch:9200/_bulk [status:200 duration:0.014s]
[2026-02-22T13:27:24.194+0000] {_transport.py:349} INFO - PUT http://elasticsearch:9200/_bulk [status:200 duration:0.013s]
[2026-02-22T13:27:24.223+0000] {_transport.py:349} INFO - PUT http://elasticsearch:9200/_bulk [status:200 duration:0.014s]
[2026-02-22T13:27:24.253+0000] {_transport.py:349} INFO - PUT http://elasticsearch:9200/_bulk [status:200 duration:0.014s]
[2026-02-22T13:27:24.281+0000] {_transport.py:349} INFO - PUT http://elasticsearch:9200/_bulk [status:200 duration:0.013s]
[2026-02-22T13:27:24.313+0000] {_transport.py:349} INFO - PUT http://elasticsearch:9200/_bulk [status:200 duration:0.015s]
[2026-02-22T13:27:24.342+0000] {_transport.py:349} INFO - PUT http://elasticsearch:9200/_bulk [status:200 duration:0.014s]
[2026-02-22T13:27:24.372+0000] {_transport.py:349} INFO - PUT http://elasticsearch:9200/_bulk [status:200 duration:0.013s]
[2026-02-22T13:27:24.402+0000] {_transport.py:349} INFO - PUT http://elasticsearch:9200/_bulk [status:200 duration:0.014s]
[2026-02-22T13:27:24.431+0000] {_transport.py:349} INFO - PUT http://elasticsearch:9200/_bulk [status:200 duration:0.013s]
[2026-02-22T13:27:24.458+0000] {_transport.py:349} INFO - PUT http://elasticsearch:9200/_bulk [status:200 duration:0.013s]
[2026-02-22T13:27:24.488+0000] {_transport.py:349} INFO - PUT http://elasticsearch:9200/_bulk [status:200 duration:0.015s]
[2026-02-22T13:27:24.515+0000] {_transport.py:349} INFO - PUT http://elasticsearch:9200/_bulk [status:200 duration:0.012s]
[2026-02-22T13:27:24.542+0000] {_transport.py:349} INFO - PUT http://elasticsearch:9200/_bulk [status:200 duration:0.012s]
[2026-02-22T13:27:24.571+0000] {_transport.py:349} INFO - PUT http://elasticsearch:9200/_bulk [status:200 duration:0.013s]
[2026-02-22T13:27:24.598+0000] {_transport.py:349} INFO - PUT http://elasticsearch:9200/_bulk [status:200 duration:0.012s]
[2026-02-22T13:27:24.625+0000] {_transport.py:349} INFO - PUT http://elasticsearch:9200/_bulk [status:200 duration:0.012s]
[2026-02-22T13:27:24.653+0000] {_transport.py:349} INFO - PUT http://elasticsearch:9200/_bulk [status:200 duration:0.012s]
[2026-02-22T13:27:24.682+0000] {_transport.py:349} INFO - PUT http://elasticsearch:9200/_bulk [status:200 duration:0.013s]
[2026-02-22T13:27:24.709+0000] {_transport.py:349} INFO - PUT http://elasticsearch:9200/_bulk [status:200 duration:0.012s]
[2026-02-22T13:27:24.736+0000] {_transport.py:349} INFO - PUT http://elasticsearch:9200/_bulk [status:200 duration:0.012s]
[2026-02-22T13:27:24.763+0000] {_transport.py:349} INFO - PUT http://elasticsearch:9200/_bulk [status:200 duration:0.012s]
[2026-02-22T13:27:24.790+0000] {_transport.py:349} INFO - PUT http://elasticsearch:9200/_bulk [status:200 duration:0.012s]
[2026-02-22T13:27:24.819+0000] {_transport.py:349} INFO - PUT http://elasticsearch:9200/_bulk [status:200 duration:0.012s]
[2026-02-22T13:27:24.848+0000] {_transport.py:349} INFO - PUT http://elasticsearch:9200/_bulk [status:200 duration:0.012s]
[2026-02-22T13:27:24.879+0000] {_transport.py:349} INFO - PUT http://elasticsearch:9200/_bulk [status:200 duration:0.015s]
[2026-02-22T13:27:24.907+0000] {_transport.py:349} INFO - PUT http://elasticsearch:9200/_bulk [status:200 duration:0.013s]
[2026-02-22T13:27:24.935+0000] {_transport.py:349} INFO - PUT http://elasticsearch:9200/_bulk [status:200 duration:0.012s]
[2026-02-22T13:27:24.974+0000] {_transport.py:349} INFO - PUT http://elasticsearch:9200/_bulk [status:200 duration:0.023s]
[2026-02-22T13:27:25.001+0000] {_transport.py:349} INFO - PUT http://elasticsearch:9200/_bulk [status:200 duration:0.012s]
[2026-02-22T13:27:25.028+0000] {_transport.py:349} INFO - PUT http://elasticsearch:9200/_bulk [status:200 duration:0.011s]
[2026-02-22T13:27:25.055+0000] {_transport.py:349} INFO - PUT http://elasticsearch:9200/_bulk [status:200 duration:0.011s]
[2026-02-22T13:27:25.082+0000] {_transport.py:349} INFO - PUT http://elasticsearch:9200/_bulk [status:200 duration:0.012s]
[2026-02-22T13:27:25.111+0000] {_transport.py:349} INFO - PUT http://elasticsearch:9200/_bulk [status:200 duration:0.013s]
[2026-02-22T13:27:25.138+0000] {_transport.py:349} INFO - PUT http://elasticsearch:9200/_bulk [status:200 duration:0.012s]
[2026-02-22T13:27:25.165+0000] {_transport.py:349} INFO - PUT http://elasticsearch:9200/_bulk [status:200 duration:0.011s]
[2026-02-22T13:27:25.192+0000] {_transport.py:349} INFO - PUT http://elasticsearch:9200/_bulk [status:200 duration:0.011s]
[2026-02-22T13:27:25.219+0000] {_transport.py:349} INFO - PUT http://elasticsearch:9200/_bulk [status:200 duration:0.012s]
[2026-02-22T13:27:25.246+0000] {_transport.py:349} INFO - PUT http://elasticsearch:9200/_bulk [status:200 duration:0.011s]
[2026-02-22T13:27:25.271+0000] {_transport.py:349} INFO - PUT http://elasticsearch:9200/_bulk [status:200 duration:0.011s]
[2026-02-22T13:27:25.298+0000] {_transport.py:349} INFO - PUT http://elasticsearch:9200/_bulk [status:200 duration:0.011s]
[2026-02-22T13:27:25.325+0000] {_transport.py:349} INFO - PUT http://elasticsearch:9200/_bulk [status:200 duration:0.012s]
[2026-02-22T13:27:25.330+0000] {logging_mixin.py:190} INFO - ✅ Indexados 99999 documentos
[2026-02-22T13:27:25.330+0000] {python.py:240} INFO - Done. Returned value was: None
[2026-02-22T13:27:25.338+0000] {taskinstance.py:340} INFO - ::group::Post task execution logs
[2026-02-22T13:27:25.338+0000] {taskinstance.py:352} INFO - Marking task as SUCCESS. dag_id=elasticsearch_indexer, task_id=index_csv_data, run_id=manual__2026-02-22T13:27:18.381682+00:00, execution_date=20260222T132718, start_date=20260222T132721, end_date=20260222T132725
[2026-02-22T13:27:25.371+0000] {local_task_job_runner.py:266} INFO - Task exited with return code 0
[2026-02-22T13:27:25.387+0000] {taskinstance.py:3895} INFO - 1 downstream tasks scheduled from follow-on schedule check
[2026-02-22T13:27:25.389+0000] {local_task_job_runner.py:245} INFO - ::endgroup::
