[2026-02-22T14:20:10.896+0000] {local_task_job_runner.py:123} INFO - ::group::Pre task execution logs
[2026-02-22T14:20:10.909+0000] {taskinstance.py:2613} INFO - Dependencies all met for dep_context=non-requeueable deps ti=<TaskInstance: spark_elasticsearch_pipeline.verify_elasticsearch_indices manual__2026-02-22T14:20:04.975598+00:00 [queued]>
[2026-02-22T14:20:10.913+0000] {taskinstance.py:2613} INFO - Dependencies all met for dep_context=requeueable deps ti=<TaskInstance: spark_elasticsearch_pipeline.verify_elasticsearch_indices manual__2026-02-22T14:20:04.975598+00:00 [queued]>
[2026-02-22T14:20:10.914+0000] {taskinstance.py:2866} INFO - Starting attempt 1 of 3
[2026-02-22T14:20:10.922+0000] {taskinstance.py:2889} INFO - Executing <Task(PythonOperator): verify_elasticsearch_indices> on 2026-02-22 14:20:04.975598+00:00
[2026-02-22T14:20:10.930+0000] {warnings.py:112} WARNING - /home/***/.local/lib/python3.12/site-packages/***/task/task_runner/standard_task_runner.py:70: DeprecationWarning: This process (pid=1080) is multi-threaded, use of fork() may lead to deadlocks in the child.
  pid = os.fork()

[2026-02-22T14:20:10.931+0000] {standard_task_runner.py:72} INFO - Started process 1081 to run task
[2026-02-22T14:20:10.931+0000] {standard_task_runner.py:104} INFO - Running: ['***', 'tasks', 'run', 'spark_elasticsearch_pipeline', 'verify_elasticsearch_indices', 'manual__2026-02-22T14:20:04.975598+00:00', '--job-id', '16', '--raw', '--subdir', 'DAGS_FOLDER/spark_elasticsearch_pipeline.py', '--cfg-path', '/tmp/tmpfaape5u2']
[2026-02-22T14:20:10.932+0000] {standard_task_runner.py:105} INFO - Job 16: Subtask verify_elasticsearch_indices
[2026-02-22T14:20:10.961+0000] {task_command.py:467} INFO - Running <TaskInstance: spark_elasticsearch_pipeline.verify_elasticsearch_indices manual__2026-02-22T14:20:04.975598+00:00 [running]> on host 1ae2f65e4fd0
[2026-02-22T14:20:11.014+0000] {taskinstance.py:3132} INFO - Exporting env vars: AIRFLOW_CTX_DAG_OWNER='data-team' AIRFLOW_CTX_DAG_ID='spark_elasticsearch_pipeline' AIRFLOW_CTX_TASK_ID='verify_elasticsearch_indices' AIRFLOW_CTX_EXECUTION_DATE='2026-02-22T14:20:04.975598+00:00' AIRFLOW_CTX_TRY_NUMBER='1' AIRFLOW_CTX_DAG_RUN_ID='manual__2026-02-22T14:20:04.975598+00:00'
[2026-02-22T14:20:11.015+0000] {taskinstance.py:731} INFO - ::endgroup::
[2026-02-22T14:20:11.149+0000] {_transport.py:349} INFO - POST http://elasticsearch:9200/mm_state_aggregations/_count [status:200 duration:0.005s]
[2026-02-22T14:20:11.150+0000] {logging_mixin.py:190} INFO - 
📊 Índice: mm_state_aggregations
[2026-02-22T14:20:11.150+0000] {logging_mixin.py:190} INFO -    Total documentos: 10
[2026-02-22T14:20:11.156+0000] {_transport.py:349} INFO - POST http://elasticsearch:9200/mm_state_aggregations/_search [status:200 duration:0.006s]
[2026-02-22T14:20:11.156+0000] {logging_mixin.py:190} INFO -    Top 3:
[2026-02-22T14:20:11.157+0000] {logging_mixin.py:190} INFO -      - CA: 561184 (avg: 55.21)
[2026-02-22T14:20:11.157+0000] {logging_mixin.py:190} INFO -      - WA: 557227 (avg: 55.36)
[2026-02-22T14:20:11.157+0000] {logging_mixin.py:190} INFO -      - TX: 556493 (avg: 55.25)
[2026-02-22T14:20:11.161+0000] {_transport.py:349} INFO - POST http://elasticsearch:9200/mm_color_aggregations/_count [status:200 duration:0.003s]
[2026-02-22T14:20:11.161+0000] {logging_mixin.py:190} INFO - 
📊 Índice: mm_color_aggregations
[2026-02-22T14:20:11.161+0000] {logging_mixin.py:190} INFO -    Total documentos: 6
[2026-02-22T14:20:11.165+0000] {_transport.py:349} INFO - POST http://elasticsearch:9200/mm_color_aggregations/_search [status:200 duration:0.003s]
[2026-02-22T14:20:11.165+0000] {logging_mixin.py:190} INFO -    Top 3:
[2026-02-22T14:20:11.166+0000] {logging_mixin.py:190} INFO -      - Green: 926150
[2026-02-22T14:20:11.166+0000] {logging_mixin.py:190} INFO -      - Yellow: 923009
[2026-02-22T14:20:11.166+0000] {logging_mixin.py:190} INFO -      - Red: 916864
[2026-02-22T14:20:11.167+0000] {python.py:240} INFO - Done. Returned value was: None
[2026-02-22T14:20:11.174+0000] {taskinstance.py:340} INFO - ::group::Post task execution logs
[2026-02-22T14:20:11.174+0000] {taskinstance.py:352} INFO - Marking task as SUCCESS. dag_id=spark_elasticsearch_pipeline, task_id=verify_elasticsearch_indices, run_id=manual__2026-02-22T14:20:04.975598+00:00, execution_date=20260222T142004, start_date=20260222T142010, end_date=20260222T142011
[2026-02-22T14:20:11.225+0000] {local_task_job_runner.py:266} INFO - Task exited with return code 0
[2026-02-22T14:20:11.241+0000] {taskinstance.py:3895} INFO - 1 downstream tasks scheduled from follow-on schedule check
[2026-02-22T14:20:11.243+0000] {local_task_job_runner.py:245} INFO - ::endgroup::
