[2026-02-22T14:20:06.297+0000] {local_task_job_runner.py:123} INFO - ::group::Pre task execution logs
[2026-02-22T14:20:06.308+0000] {taskinstance.py:2613} INFO - Dependencies all met for dep_context=non-requeueable deps ti=<TaskInstance: spark_elasticsearch_pipeline.process_with_spark_and_index manual__2026-02-22T14:20:04.975598+00:00 [queued]>
[2026-02-22T14:20:06.313+0000] {taskinstance.py:2613} INFO - Dependencies all met for dep_context=requeueable deps ti=<TaskInstance: spark_elasticsearch_pipeline.process_with_spark_and_index manual__2026-02-22T14:20:04.975598+00:00 [queued]>
[2026-02-22T14:20:06.314+0000] {taskinstance.py:2866} INFO - Starting attempt 1 of 3
[2026-02-22T14:20:06.322+0000] {taskinstance.py:2889} INFO - Executing <Task(PythonOperator): process_with_spark_and_index> on 2026-02-22 14:20:04.975598+00:00
[2026-02-22T14:20:06.330+0000] {warnings.py:112} WARNING - /home/***/.local/lib/python3.12/site-packages/***/task/task_runner/standard_task_runner.py:70: DeprecationWarning: This process (pid=1018) is multi-threaded, use of fork() may lead to deadlocks in the child.
  pid = os.fork()

[2026-02-22T14:20:06.331+0000] {standard_task_runner.py:72} INFO - Started process 1019 to run task
[2026-02-22T14:20:06.337+0000] {standard_task_runner.py:104} INFO - Running: ['***', 'tasks', 'run', 'spark_elasticsearch_pipeline', 'process_with_spark_and_index', 'manual__2026-02-22T14:20:04.975598+00:00', '--job-id', '15', '--raw', '--subdir', 'DAGS_FOLDER/spark_elasticsearch_pipeline.py', '--cfg-path', '/tmp/tmpldzob830']
[2026-02-22T14:20:06.339+0000] {standard_task_runner.py:105} INFO - Job 15: Subtask process_with_spark_and_index
[2026-02-22T14:20:06.369+0000] {task_command.py:467} INFO - Running <TaskInstance: spark_elasticsearch_pipeline.process_with_spark_and_index manual__2026-02-22T14:20:04.975598+00:00 [running]> on host 1ae2f65e4fd0
[2026-02-22T14:20:06.422+0000] {taskinstance.py:3132} INFO - Exporting env vars: AIRFLOW_CTX_DAG_OWNER='data-team' AIRFLOW_CTX_DAG_ID='spark_elasticsearch_pipeline' AIRFLOW_CTX_TASK_ID='process_with_spark_and_index' AIRFLOW_CTX_EXECUTION_DATE='2026-02-22T14:20:04.975598+00:00' AIRFLOW_CTX_TRY_NUMBER='1' AIRFLOW_CTX_DAG_RUN_ID='manual__2026-02-22T14:20:04.975598+00:00'
[2026-02-22T14:20:06.423+0000] {taskinstance.py:731} INFO - ::endgroup::
[2026-02-22T14:20:06.785+0000] {logging_mixin.py:190} INFO - 🔗 Conectando ao Spark: sc://spark-connect:15002
[2026-02-22T14:20:07.355+0000] {logging_mixin.py:190} INFO - 📂 Lendo CSV: /opt/spark/work-dir/data/mm_dataset.csv
[2026-02-22T14:20:08.328+0000] {logging_mixin.py:190} INFO - 📊 Total de registros: 99999
[2026-02-22T14:20:08.616+0000] {logging_mixin.py:190} INFO - root
 |-- State: string (nullable = true)
 |-- Color: string (nullable = true)
 |-- Count: integer (nullable = true)
[2026-02-22T14:20:08.617+0000] {logging_mixin.py:190} INFO - 
🗺️ Top 10 Estados:
[2026-02-22T14:20:09.012+0000] {logging_mixin.py:190} INFO - +-----+-------------+-----------+------------------+
|State|total_records|total_count|         avg_count|
+-----+-------------+-----------+------------------+
|   CA|        10164|     561184| 55.21290830381739|
|   WA|        10065|     557227|55.362841530054645|
|   TX|        10072|     556493| 55.25148927720413|
|   CO|        10051|     556302|55.347925579544324|
|   NM|        10050|     553454| 55.07004975124378|
|   NV|        10025|     548477| 54.71092269326683|
|   AZ|        10001|     546812| 54.67573242675732|
|   OR|         9903|     542169| 54.74795516510149|
|   WY|         9782|     538975| 55.09865058270292|
|   UT|         9886|     538942| 54.51567873760874|
+-----+-------------+-----------+------------------+
[2026-02-22T14:20:09.013+0000] {logging_mixin.py:190} INFO - 
🎨 Agregação por Cor:
[2026-02-22T14:20:09.275+0000] {logging_mixin.py:190} INFO - +------+-------------+-----------+
| Color|total_records|total_count|
+------+-------------+-----------+
| Green|        16928|     926150|
|Yellow|        16796|     923009|
|   Red|        16619|     916864|
|Orange|        16697|     915793|
| Brown|        16510|     915703|
|  Blue|        16449|     902516|
+------+-------------+-----------+
[2026-02-22T14:20:09.276+0000] {logging_mixin.py:190} INFO - 
📤 Convertendo para Pandas...
[2026-02-22T14:20:09.723+0000] {logging_mixin.py:190} INFO - 
🔍 Conectando ao Elasticsearch: http://elasticsearch:9200
[2026-02-22T14:20:09.727+0000] {_transport.py:349} INFO - HEAD http://elasticsearch:9200/mm_state_aggregations [status:200 duration:0.003s]
[2026-02-22T14:20:09.773+0000] {_transport.py:349} INFO - DELETE http://elasticsearch:9200/mm_state_aggregations [status:200 duration:0.045s]
[2026-02-22T14:20:09.774+0000] {logging_mixin.py:190} INFO - 🗑️ Índice 'mm_state_aggregations' removido
[2026-02-22T14:20:09.879+0000] {_transport.py:349} INFO - PUT http://elasticsearch:9200/mm_state_aggregations [status:200 duration:0.105s]
[2026-02-22T14:20:09.879+0000] {logging_mixin.py:190} INFO - ✅ Índice 'mm_state_aggregations' criado
[2026-02-22T14:20:09.881+0000] {_transport.py:349} INFO - HEAD http://elasticsearch:9200/mm_color_aggregations [status:200 duration:0.001s]
[2026-02-22T14:20:09.905+0000] {_transport.py:349} INFO - DELETE http://elasticsearch:9200/mm_color_aggregations [status:200 duration:0.024s]
[2026-02-22T14:20:09.906+0000] {logging_mixin.py:190} INFO - 🗑️ Índice 'mm_color_aggregations' removido
[2026-02-22T14:20:10.031+0000] {_transport.py:349} INFO - PUT http://elasticsearch:9200/mm_color_aggregations [status:200 duration:0.125s]
[2026-02-22T14:20:10.031+0000] {logging_mixin.py:190} INFO - ✅ Índice 'mm_color_aggregations' criado
[2026-02-22T14:20:10.063+0000] {_transport.py:349} INFO - PUT http://elasticsearch:9200/_bulk [status:200 duration:0.030s]
[2026-02-22T14:20:10.064+0000] {logging_mixin.py:190} INFO - ✅ Indexados 10 documentos em 'mm_state_aggregations'
[2026-02-22T14:20:10.114+0000] {_transport.py:349} INFO - PUT http://elasticsearch:9200/_bulk [status:200 duration:0.049s]
[2026-02-22T14:20:10.114+0000] {logging_mixin.py:190} INFO - ✅ Indexados 6 documentos em 'mm_color_aggregations'
[2026-02-22T14:20:10.115+0000] {python.py:240} INFO - Done. Returned value was: {'state_docs': 10, 'color_docs': 6}
[2026-02-22T14:20:10.135+0000] {taskinstance.py:340} INFO - ::group::Post task execution logs
[2026-02-22T14:20:10.135+0000] {taskinstance.py:352} INFO - Marking task as SUCCESS. dag_id=spark_elasticsearch_pipeline, task_id=process_with_spark_and_index, run_id=manual__2026-02-22T14:20:04.975598+00:00, execution_date=20260222T142004, start_date=20260222T142006, end_date=20260222T142010
[2026-02-22T14:20:10.196+0000] {local_task_job_runner.py:266} INFO - Task exited with return code 0
[2026-02-22T14:20:10.215+0000] {taskinstance.py:3895} INFO - 1 downstream tasks scheduled from follow-on schedule check
[2026-02-22T14:20:10.217+0000] {local_task_job_runner.py:245} INFO - ::endgroup::
