[2026-02-22T14:19:03.440+0000] {local_task_job_runner.py:123} INFO - ::group::Pre task execution logs
[2026-02-22T14:19:03.450+0000] {taskinstance.py:2613} INFO - Dependencies all met for dep_context=non-requeueable deps ti=<TaskInstance: elasticsearch_indexer.get_stats manual__2026-02-22T14:18:54.078389+00:00 [queued]>
[2026-02-22T14:19:03.455+0000] {taskinstance.py:2613} INFO - Dependencies all met for dep_context=requeueable deps ti=<TaskInstance: elasticsearch_indexer.get_stats manual__2026-02-22T14:18:54.078389+00:00 [queued]>
[2026-02-22T14:19:03.456+0000] {taskinstance.py:2866} INFO - Starting attempt 1 of 3
[2026-02-22T14:19:03.465+0000] {taskinstance.py:2889} INFO - Executing <Task(PythonOperator): get_stats> on 2026-02-22 14:18:54.078389+00:00
[2026-02-22T14:19:03.472+0000] {warnings.py:112} WARNING - /home/***/.local/lib/python3.12/site-packages/***/task/task_runner/standard_task_runner.py:70: DeprecationWarning: This process (pid=1001) is multi-threaded, use of fork() may lead to deadlocks in the child.
  pid = os.fork()

[2026-02-22T14:19:03.473+0000] {standard_task_runner.py:72} INFO - Started process 1002 to run task
[2026-02-22T14:19:03.473+0000] {standard_task_runner.py:104} INFO - Running: ['***', 'tasks', 'run', 'elasticsearch_indexer', 'get_stats', 'manual__2026-02-22T14:18:54.078389+00:00', '--job-id', '14', '--raw', '--subdir', 'DAGS_FOLDER/elasticsearch_indexer.py', '--cfg-path', '/tmp/tmp517idzem']
[2026-02-22T14:19:03.474+0000] {standard_task_runner.py:105} INFO - Job 14: Subtask get_stats
[2026-02-22T14:19:03.502+0000] {task_command.py:467} INFO - Running <TaskInstance: elasticsearch_indexer.get_stats manual__2026-02-22T14:18:54.078389+00:00 [running]> on host 1ae2f65e4fd0
[2026-02-22T14:19:03.554+0000] {taskinstance.py:3132} INFO - Exporting env vars: AIRFLOW_CTX_DAG_OWNER='data-team' AIRFLOW_CTX_DAG_ID='elasticsearch_indexer' AIRFLOW_CTX_TASK_ID='get_stats' AIRFLOW_CTX_EXECUTION_DATE='2026-02-22T14:18:54.078389+00:00' AIRFLOW_CTX_TRY_NUMBER='1' AIRFLOW_CTX_DAG_RUN_ID='manual__2026-02-22T14:18:54.078389+00:00'
[2026-02-22T14:19:03.555+0000] {taskinstance.py:731} INFO - ::endgroup::
[2026-02-22T14:19:03.802+0000] {_transport.py:349} INFO - POST http://elasticsearch:9200/mm_dataset/_count [status:200 duration:0.237s]
[2026-02-22T14:19:03.803+0000] {logging_mixin.py:190} INFO - 📊 Total de documentos no índice 'mm_dataset': 199998
[2026-02-22T14:19:03.815+0000] {_transport.py:349} INFO - POST http://elasticsearch:9200/mm_dataset/_search [status:200 duration:0.012s]
[2026-02-22T14:19:03.816+0000] {logging_mixin.py:190} INFO - 
🔝 Top 5 Estados:
[2026-02-22T14:19:03.816+0000] {logging_mixin.py:190} INFO -   CA: 20328 docs
[2026-02-22T14:19:03.816+0000] {logging_mixin.py:190} INFO -   TX: 20144 docs
[2026-02-22T14:19:03.817+0000] {logging_mixin.py:190} INFO -   WA: 20130 docs
[2026-02-22T14:19:03.817+0000] {logging_mixin.py:190} INFO -   CO: 20102 docs
[2026-02-22T14:19:03.817+0000] {logging_mixin.py:190} INFO -   NM: 20100 docs
[2026-02-22T14:19:03.817+0000] {logging_mixin.py:190} INFO - 
🎨 Top 5 Cores:
[2026-02-22T14:19:03.818+0000] {logging_mixin.py:190} INFO -   Green: 33856 docs
[2026-02-22T14:19:03.818+0000] {logging_mixin.py:190} INFO -   Yellow: 33592 docs
[2026-02-22T14:19:03.818+0000] {logging_mixin.py:190} INFO -   Orange: 33394 docs
[2026-02-22T14:19:03.819+0000] {logging_mixin.py:190} INFO -   Red: 33238 docs
[2026-02-22T14:19:03.819+0000] {logging_mixin.py:190} INFO -   Brown: 33020 docs
[2026-02-22T14:19:03.819+0000] {python.py:240} INFO - Done. Returned value was: None
[2026-02-22T14:19:03.828+0000] {taskinstance.py:340} INFO - ::group::Post task execution logs
[2026-02-22T14:19:03.828+0000] {taskinstance.py:352} INFO - Marking task as SUCCESS. dag_id=elasticsearch_indexer, task_id=get_stats, run_id=manual__2026-02-22T14:18:54.078389+00:00, execution_date=20260222T141854, start_date=20260222T141903, end_date=20260222T141903
[2026-02-22T14:19:03.847+0000] {local_task_job_runner.py:266} INFO - Task exited with return code 0
[2026-02-22T14:19:03.859+0000] {taskinstance.py:3895} INFO - 0 downstream tasks scheduled from follow-on schedule check
[2026-02-22T14:19:03.860+0000] {local_task_job_runner.py:245} INFO - ::endgroup::
