[2026-02-22T13:37:41.032+0000] {local_task_job_runner.py:123} INFO - ::group::Pre task execution logs
[2026-02-22T13:37:41.044+0000] {taskinstance.py:2613} INFO - Dependencies all met for dep_context=non-requeueable deps ti=<TaskInstance: spark_elasticsearch_pipeline.create_elasticsearch_visualization manual__2026-02-22T13:37:33.770423+00:00 [queued]>
[2026-02-22T13:37:41.049+0000] {taskinstance.py:2613} INFO - Dependencies all met for dep_context=requeueable deps ti=<TaskInstance: spark_elasticsearch_pipeline.create_elasticsearch_visualization manual__2026-02-22T13:37:33.770423+00:00 [queued]>
[2026-02-22T13:37:41.050+0000] {taskinstance.py:2866} INFO - Starting attempt 1 of 3
[2026-02-22T13:37:41.058+0000] {taskinstance.py:2889} INFO - Executing <Task(PythonOperator): create_elasticsearch_visualization> on 2026-02-22 13:37:33.770423+00:00
[2026-02-22T13:37:41.065+0000] {warnings.py:112} WARNING - /home/***/.local/lib/python3.12/site-packages/***/task/task_runner/standard_task_runner.py:70: DeprecationWarning: This process (pid=469) is multi-threaded, use of fork() may lead to deadlocks in the child.
  pid = os.fork()

[2026-02-22T13:37:41.066+0000] {standard_task_runner.py:72} INFO - Started process 470 to run task
[2026-02-22T13:37:41.066+0000] {standard_task_runner.py:104} INFO - Running: ['***', 'tasks', 'run', 'spark_elasticsearch_pipeline', 'create_elasticsearch_visualization', 'manual__2026-02-22T13:37:33.770423+00:00', '--job-id', '10', '--raw', '--subdir', 'DAGS_FOLDER/spark_elasticsearch_pipeline.py', '--cfg-path', '/tmp/tmpykeylgze']
[2026-02-22T13:37:41.067+0000] {standard_task_runner.py:105} INFO - Job 10: Subtask create_elasticsearch_visualization
[2026-02-22T13:37:41.096+0000] {task_command.py:467} INFO - Running <TaskInstance: spark_elasticsearch_pipeline.create_elasticsearch_visualization manual__2026-02-22T13:37:33.770423+00:00 [running]> on host 1ae2f65e4fd0
[2026-02-22T13:37:41.145+0000] {taskinstance.py:3132} INFO - Exporting env vars: AIRFLOW_CTX_DAG_OWNER='data-team' AIRFLOW_CTX_DAG_ID='spark_elasticsearch_pipeline' AIRFLOW_CTX_TASK_ID='create_elasticsearch_visualization' AIRFLOW_CTX_EXECUTION_DATE='2026-02-22T13:37:33.770423+00:00' AIRFLOW_CTX_TRY_NUMBER='1' AIRFLOW_CTX_DAG_RUN_ID='manual__2026-02-22T13:37:33.770423+00:00'
[2026-02-22T13:37:41.146+0000] {taskinstance.py:731} INFO - ::endgroup::
[2026-02-22T13:37:41.277+0000] {logging_mixin.py:190} INFO - 
📈 Queries de Visualização:
[2026-02-22T13:37:41.278+0000] {logging_mixin.py:190} INFO - 🗺️ Top 5 Estados por Total Count:
[2026-02-22T13:37:41.287+0000] {_transport.py:349} INFO - POST http://elasticsearch:9200/mm_state_aggregations/_search [status:200 duration:0.009s]
[2026-02-22T13:37:41.288+0000] {logging_mixin.py:190} INFO -    1. CA: 561,184 (média: 55.21)
[2026-02-22T13:37:41.288+0000] {logging_mixin.py:190} INFO -    2. WA: 557,227 (média: 55.36)
[2026-02-22T13:37:41.288+0000] {logging_mixin.py:190} INFO -    3. TX: 556,493 (média: 55.25)
[2026-02-22T13:37:41.289+0000] {logging_mixin.py:190} INFO -    4. CO: 556,302 (média: 55.35)
[2026-02-22T13:37:41.289+0000] {logging_mixin.py:190} INFO -    5. NM: 553,454 (média: 55.07)
[2026-02-22T13:37:41.289+0000] {logging_mixin.py:190} INFO - 
🎨 Distribuição de Cores:
[2026-02-22T13:37:41.295+0000] {_transport.py:349} INFO - POST http://elasticsearch:9200/mm_color_aggregations/_search [status:200 duration:0.005s]
[2026-02-22T13:37:41.296+0000] {logging_mixin.py:190} INFO -    Green: 926,150 registros
[2026-02-22T13:37:41.296+0000] {logging_mixin.py:190} INFO -    Yellow: 923,009 registros
[2026-02-22T13:37:41.296+0000] {logging_mixin.py:190} INFO -    Red: 916,864 registros
[2026-02-22T13:37:41.297+0000] {logging_mixin.py:190} INFO -    Orange: 915,793 registros
[2026-02-22T13:37:41.298+0000] {logging_mixin.py:190} INFO -    Brown: 915,703 registros
[2026-02-22T13:37:41.298+0000] {logging_mixin.py:190} INFO -    Blue: 902,516 registros
[2026-02-22T13:37:41.299+0000] {logging_mixin.py:190} INFO - 
📊 Estatísticas Gerais:
[2026-02-22T13:37:41.311+0000] {_transport.py:349} INFO - POST http://elasticsearch:9200/mm_state_aggregations/_count [status:200 duration:0.012s]
[2026-02-22T13:37:41.314+0000] {_transport.py:349} INFO - POST http://elasticsearch:9200/mm_color_aggregations/_count [status:200 duration:0.003s]
[2026-02-22T13:37:41.315+0000] {logging_mixin.py:190} INFO -    Estados únicos: 10
[2026-02-22T13:37:41.315+0000] {logging_mixin.py:190} INFO -    Cores únicas: 6
[2026-02-22T13:37:41.315+0000] {python.py:240} INFO - Done. Returned value was: None
[2026-02-22T13:37:41.322+0000] {taskinstance.py:340} INFO - ::group::Post task execution logs
[2026-02-22T13:37:41.323+0000] {taskinstance.py:352} INFO - Marking task as SUCCESS. dag_id=spark_elasticsearch_pipeline, task_id=create_elasticsearch_visualization, run_id=manual__2026-02-22T13:37:33.770423+00:00, execution_date=20260222T133733, start_date=20260222T133741, end_date=20260222T133741
[2026-02-22T13:37:41.360+0000] {local_task_job_runner.py:266} INFO - Task exited with return code 0
[2026-02-22T13:37:41.371+0000] {taskinstance.py:3895} INFO - 0 downstream tasks scheduled from follow-on schedule check
[2026-02-22T13:37:41.373+0000] {local_task_job_runner.py:245} INFO - ::endgroup::
